# JRE version: OpenJDK Runtime Environment (8.0_152-b01) (build 1.8.0_152-release-915-b01)
# Java VM: OpenJDK 64-Bit Server VM (25.152-b01 mixed mode windows-amd64 compressed oops)
Heap:
 PSYoungGen      total 181248K, used 19535K [0x00000000e0000000, 0x00000000ed180000, 0x0000000100000000)
  eden space 158208K, 0% used [0x00000000e0000000,0x00000000e0000000,0x00000000e9a80000)
  from space 23040K, 84% used [0x00000000ebb00000,0x00000000ece13da8,0x00000000ed180000)
  to   space 28160K, 0% used [0x00000000e9a80000,0x00000000e9a80000,0x00000000eb600000)
 ParOldGen       total 136192K, used 80714K [0x00000000a0000000, 0x00000000a8500000, 0x00000000e0000000)
  object space 136192K, 59% used [0x00000000a0000000,0x00000000a4ed2a38,0x00000000a8500000)
 Metaspace       used 91164K, capacity 98273K, committed 98380K, reserved 1134592K
  class space    used 11482K, capacity 13056K, committed 13056K, reserved 1048576K
GC Heap History (10 events):
Event: 5489.307 GC heap after
Heap after GC invocations=31 (full 3):
 PSYoungGen      total 202240K, used 15939K [0x00000000e0000000, 0x00000000eea80000, 0x0000000100000000)
  eden space 180736K, 0% used [0x00000000e0000000,0x00000000e0000000,0x00000000eb080000)
  from space 21504K, 74% used [0x00000000ed580000,0x00000000ee510cb8,0x00000000eea80000)
  to   space 29696K, 0% used [0x00000000eb080000,0x00000000eb080000,0x00000000ecd80000)
 ParOldGen       total 136192K, used 80698K [0x00000000a0000000, 0x00000000a8500000, 0x00000000e0000000)
  object space 136192K, 59% used [0x00000000a0000000,0x00000000a4ecea38,0x00000000a8500000)
 Metaspace       used 89948K, capacity 95970K, committed 96088K, reserved 1132544K
  class space    used 11307K, capacity 12667K, committed 12672K, reserved 1048576K
}
Event: 5814.452 GC heap before
{Heap before GC invocations=32 (full 3):
 PSYoungGen      total 202240K, used 196675K [0x00000000e0000000, 0x00000000eea80000, 0x0000000100000000)
  eden space 180736K, 100% used [0x00000000e0000000,0x00000000eb080000,0x00000000eb080000)
  from space 21504K, 74% used [0x00000000ed580000,0x00000000ee510cb8,0x00000000eea80000)
  to   space 29696K, 0% used [0x00000000eb080000,0x00000000eb080000,0x00000000ecd80000)
 ParOldGen       total 136192K, used 80698K [0x00000000a0000000, 0x00000000a8500000, 0x00000000e0000000)
  object space 136192K, 59% used [0x00000000a0000000,0x00000000a4ecea38,0x00000000a8500000)
 Metaspace       used 90264K, capacity 96450K, committed 96728K, reserved 1132544K
  class space    used 11336K, capacity 12735K, committed 12800K, reserved 1048576K
Event: 5814.514 GC heap after
Heap after GC invocations=32 (full 3):
 PSYoungGen      total 192512K, used 17590K [0x00000000e0000000, 0x00000000ee280000, 0x0000000100000000)
  eden space 174592K, 0% used [0x00000000e0000000,0x00000000e0000000,0x00000000eaa80000)
  from space 17920K, 98% used [0x00000000eb080000,0x00000000ec1adbb8,0x00000000ec200000)
  to   space 28672K, 0% used [0x00000000ec680000,0x00000000ec680000,0x00000000ee280000)
 ParOldGen       total 136192K, used 80706K [0x00000000a0000000, 0x00000000a8500000, 0x00000000e0000000)
  object space 136192K, 59% used [0x00000000a0000000,0x00000000a4ed0a38,0x00000000a8500000)
 Metaspace       used 90264K, capacity 96450K, committed 96728K, reserved 1132544K
  class space    used 11336K, capacity 12735K, committed 12800K, reserved 1048576K
}
Event: 6302.667 GC heap before
{Heap before GC invocations=33 (full 3):
 PSYoungGen      total 192512K, used 192182K [0x00000000e0000000, 0x00000000ee280000, 0x0000000100000000)
  eden space 174592K, 100% used [0x00000000e0000000,0x00000000eaa80000,0x00000000eaa80000)
  from space 17920K, 98% used [0x00000000eb080000,0x00000000ec1adbb8,0x00000000ec200000)
  to   space 28672K, 0% used [0x00000000ec680000,0x00000000ec680000,0x00000000ee280000)
 ParOldGen       total 136192K, used 80706K [0x00000000a0000000, 0x00000000a8500000, 0x00000000e0000000)
  object space 136192K, 59% used [0x00000000a0000000,0x00000000a4ed0a38,0x00000000a8500000)
 Metaspace       used 90572K, capacity 96866K, committed 97112K, reserved 1134592K
  class space    used 11362K, capacity 12803K, committed 12928K, reserved 1048576K
Event: 6302.719 GC heap after
Heap after GC invocations=33 (full 3):
 PSYoungGen      total 190976K, used 17689K [0x00000000e0000000, 0x00000000edc00000, 0x0000000100000000)
  eden space 168960K, 0% used [0x00000000e0000000,0x00000000e0000000,0x00000000ea500000)
  from space 22016K, 80% used [0x00000000ec680000,0x00000000ed7c6450,0x00000000edc00000)
  to   space 28160K, 0% used [0x00000000ea500000,0x00000000ea500000,0x00000000ec080000)
 ParOldGen       total 136192K, used 80714K [0x00000000a0000000, 0x00000000a8500000, 0x00000000e0000000)
  object space 136192K, 59% used [0x00000000a0000000,0x00000000a4ed2a38,0x00000000a8500000)
 Metaspace       used 90572K, capacity 96866K, committed 97112K, reserved 1134592K
  class space    used 11362K, capacity 12803K, committed 12928K, reserved 1048576K
}
Event: 6319.677 GC heap before
{Heap before GC invocations=34 (full 3):
 PSYoungGen      total 190976K, used 186649K [0x00000000e0000000, 0x00000000edc00000, 0x0000000100000000)
  eden space 168960K, 100% used [0x00000000e0000000,0x00000000ea500000,0x00000000ea500000)
  from space 22016K, 80% used [0x00000000ec680000,0x00000000ed7c6450,0x00000000edc00000)
  to   space 28160K, 0% used [0x00000000ea500000,0x00000000ea500000,0x00000000ec080000)
 ParOldGen       total 136192K, used 80714K [0x00000000a0000000, 0x00000000a8500000, 0x00000000e0000000)
  object space 136192K, 59% used [0x00000000a0000000,0x00000000a4ed2a38,0x00000000a8500000)
 Metaspace       used 90802K, capacity 97334K, committed 97368K, reserved 1134592K
  class space    used 11409K, capacity 12901K, committed 12928K, reserved 1048576K
Event: 6319.729 GC heap after
Heap after GC invocations=34 (full 3):
 PSYoungGen      total 183296K, used 19879K [0x00000000e0000000, 0x00000000ed680000, 0x0000000100000000)
  eden space 163328K, 0% used [0x00000000e0000000,0x00000000e0000000,0x00000000e9f80000)
  from space 19968K, 99% used [0x00000000ea500000,0x00000000eb869fc8,0x00000000eb880000)
  to   space 28160K, 0% used [0x00000000ebb00000,0x00000000ebb00000,0x00000000ed680000)
 ParOldGen       total 136192K, used 80714K [0x00000000a0000000, 0x00000000a8500000, 0x00000000e0000000)
  object space 136192K, 59% used [0x00000000a0000000,0x00000000a4ed2a38,0x00000000a8500000)
 Metaspace       used 90802K, capacity 97334K, committed 97368K, reserved 1134592K
  class space    used 11409K, capacity 12901K, committed 12928K, reserved 1048576K
}
Event: 6348.046 GC heap before
{Heap before GC invocations=35 (full 3):
 PSYoungGen      total 183296K, used 79961K [0x00000000e0000000, 0x00000000ed680000, 0x0000000100000000)
  eden space 163328K, 36% used [0x00000000e0000000,0x00000000e3aac7b0,0x00000000e9f80000)
  from space 19968K, 99% used [0x00000000ea500000,0x00000000eb869fc8,0x00000000eb880000)
  to   space 28160K, 0% used [0x00000000ebb00000,0x00000000ebb00000,0x00000000ed680000)
 ParOldGen       total 136192K, used 80714K [0x00000000a0000000, 0x00000000a8500000, 0x00000000e0000000)
  object space 136192K, 59% used [0x00000000a0000000,0x00000000a4ed2a38,0x00000000a8500000)
 Metaspace       used 91164K, capacity 98273K, committed 98380K, reserved 1134592K
  class space    used 11482K, capacity 13056K, committed 13056K, reserved 1048576K
Event: 6348.082 GC heap after
Heap after GC invocations=35 (full 3):
 PSYoungGen      total 181248K, used 19535K [0x00000000e0000000, 0x00000000ed180000, 0x0000000100000000)
  eden space 158208K, 0% used [0x00000000e0000000,0x00000000e0000000,0x00000000e9a80000)
  from space 23040K, 84% used [0x00000000ebb00000,0x00000000ece13da8,0x00000000ed180000)
  to   space 28160K, 0% used [0x00000000e9a80000,0x00000000e9a80000,0x00000000eb600000)
 ParOldGen       total 136192K, used 80714K [0x00000000a0000000, 0x00000000a8500000, 0x00000000e0000000)
  object space 136192K, 59% used [0x00000000a0000000,0x00000000a4ed2a38,0x00000000a8500000)
 Metaspace       used 91164K, capacity 98273K, committed 98380K, reserved 1134592K
  class space    used 11482K, capacity 13056K, committed 13056K, reserved 1048576K
}
Event: 6348.082 GC heap before
{Heap before GC invocations=36 (full 4):
 PSYoungGen      total 181248K, used 19535K [0x00000000e0000000, 0x00000000ed180000, 0x0000000100000000)
  eden space 158208K, 0% used [0x00000000e0000000,0x00000000e0000000,0x00000000e9a80000)
  from space 23040K, 84% used [0x00000000ebb00000,0x00000000ece13da8,0x00000000ed180000)
  to   space 28160K, 0% used [0x00000000e9a80000,0x00000000e9a80000,0x00000000eb600000)
 ParOldGen       total 136192K, used 80714K [0x00000000a0000000, 0x00000000a8500000, 0x00000000e0000000)
  object space 136192K, 59% used [0x00000000a0000000,0x00000000a4ed2a38,0x00000000a8500000)
 Metaspace       used 91164K, capacity 98273K, committed 98380K, reserved 1134592K
  class space    used 11482K, capacity 13056K, committed 13056K, reserved 1048576K

