# JRE version: OpenJDK Runtime Environment (8.0_152-b01) (build 1.8.0_152-release-915-b01)
# Java VM: OpenJDK 64-Bit Server VM (25.152-b01 mixed mode windows-amd64 compressed oops)
Heap:
 PSYoungGen      total 148992K, used 19760K [0x00000000e0000000, 0x00000000eb500000, 0x0000000100000000)
  eden space 134144K, 14% used [0x00000000e0000000,0x00000000e134c388,0x00000000e8300000)
  from space 14848K, 0% used [0x00000000e9600000,0x00000000e9600000,0x00000000ea480000)
  to   space 19456K, 0% used [0x00000000e8300000,0x00000000e8300000,0x00000000e9600000)
 ParOldGen       total 138240K, used 39973K [0x00000000a0000000, 0x00000000a8700000, 0x00000000e0000000)
  object space 138240K, 28% used [0x00000000a0000000,0x00000000a2709550,0x00000000a8700000)
 Metaspace       used 58048K, capacity 59832K, committed 59992K, reserved 1101824K
  class space    used 7792K, capacity 8265K, committed 8320K, reserved 1048576K
GC Heap History (10 events):
Event: 13.022 GC heap before
{Heap before GC invocations=11 (full 2):
 PSYoungGen      total 99328K, used 7794K [0x00000000e0000000, 0x00000000e8b80000, 0x0000000100000000)
  eden space 89088K, 0% used [0x00000000e0000000,0x00000000e0000000,0x00000000e5700000)
  from space 10240K, 76% used [0x00000000e5700000,0x00000000e5e9c840,0x00000000e6100000)
  to   space 10752K, 0% used [0x00000000e8100000,0x00000000e8100000,0x00000000e8b80000)
 ParOldGen       total 52736K, used 8627K [0x00000000a0000000, 0x00000000a3380000, 0x00000000e0000000)
  object space 52736K, 16% used [0x00000000a0000000,0x00000000a086cfa8,0x00000000a3380000)
 Metaspace       used 34424K, capacity 35174K, committed 35416K, reserved 1079296K
  class space    used 4678K, capacity 4925K, committed 4992K, reserved 1048576K
Event: 13.222 GC heap after
Heap after GC invocations=11 (full 2):
 PSYoungGen      total 99328K, used 0K [0x00000000e0000000, 0x00000000e8b80000, 0x0000000100000000)
  eden space 89088K, 0% used [0x00000000e0000000,0x00000000e0000000,0x00000000e5700000)
  from space 10240K, 0% used [0x00000000e5700000,0x00000000e5700000,0x00000000e6100000)
  to   space 10752K, 0% used [0x00000000e8100000,0x00000000e8100000,0x00000000e8b80000)
 ParOldGen       total 84992K, used 15932K [0x00000000a0000000, 0x00000000a5300000, 0x00000000e0000000)
  object space 84992K, 18% used [0x00000000a0000000,0x00000000a0f8f398,0x00000000a5300000)
 Metaspace       used 34424K, capacity 35174K, committed 35416K, reserved 1079296K
  class space    used 4678K, capacity 4925K, committed 4992K, reserved 1048576K
}
Event: 15.054 GC heap before
{Heap before GC invocations=12 (full 2):
 PSYoungGen      total 99328K, used 89088K [0x00000000e0000000, 0x00000000e8b80000, 0x0000000100000000)
  eden space 89088K, 100% used [0x00000000e0000000,0x00000000e5700000,0x00000000e5700000)
  from space 10240K, 0% used [0x00000000e5700000,0x00000000e5700000,0x00000000e6100000)
  to   space 10752K, 0% used [0x00000000e8100000,0x00000000e8100000,0x00000000e8b80000)
 ParOldGen       total 84992K, used 15932K [0x00000000a0000000, 0x00000000a5300000, 0x00000000e0000000)
  object space 84992K, 18% used [0x00000000a0000000,0x00000000a0f8f398,0x00000000a5300000)
 Metaspace       used 40711K, capacity 41554K, committed 42072K, reserved 1085440K
  class space    used 5405K, capacity 5673K, committed 5760K, reserved 1048576K
Event: 15.078 GC heap after
Heap after GC invocations=12 (full 2):
 PSYoungGen      total 122880K, used 10723K [0x00000000e0000000, 0x00000000e8b80000, 0x0000000100000000)
  eden space 112128K, 0% used [0x00000000e0000000,0x00000000e0000000,0x00000000e6d80000)
  from space 10752K, 99% used [0x00000000e8100000,0x00000000e8b78e90,0x00000000e8b80000)
  to   space 11776K, 0% used [0x00000000e7480000,0x00000000e7480000,0x00000000e8000000)
 ParOldGen       total 84992K, used 16466K [0x00000000a0000000, 0x00000000a5300000, 0x00000000e0000000)
  object space 84992K, 19% used [0x00000000a0000000,0x00000000a1014848,0x00000000a5300000)
 Metaspace       used 40711K, capacity 41554K, committed 42072K, reserved 1085440K
  class space    used 5405K, capacity 5673K, committed 5760K, reserved 1048576K
}
Event: 18.865 GC heap before
{Heap before GC invocations=13 (full 2):
 PSYoungGen      total 122880K, used 122851K [0x00000000e0000000, 0x00000000e8b80000, 0x0000000100000000)
  eden space 112128K, 100% used [0x00000000e0000000,0x00000000e6d80000,0x00000000e6d80000)
  from space 10752K, 99% used [0x00000000e8100000,0x00000000e8b78e90,0x00000000e8b80000)
  to   space 11776K, 0% used [0x00000000e7480000,0x00000000e7480000,0x00000000e8000000)
 ParOldGen       total 84992K, used 16466K [0x00000000a0000000, 0x00000000a5300000, 0x00000000e0000000)
  object space 84992K, 19% used [0x00000000a0000000,0x00000000a1014848,0x00000000a5300000)
 Metaspace       used 50472K, capacity 52034K, committed 52312K, reserved 1093632K
  class space    used 6824K, capacity 7252K, committed 7296K, reserved 1048576K
Event: 18.894 GC heap after
Heap after GC invocations=13 (full 2):
 PSYoungGen      total 131072K, used 11746K [0x00000000e0000000, 0x00000000ea480000, 0x0000000100000000)
  eden space 119296K, 0% used [0x00000000e0000000,0x00000000e0000000,0x00000000e7480000)
  from space 11776K, 99% used [0x00000000e7480000,0x00000000e7ff88b8,0x00000000e8000000)
  to   space 14848K, 0% used [0x00000000e9600000,0x00000000e9600000,0x00000000ea480000)
 ParOldGen       total 84992K, used 21457K [0x00000000a0000000, 0x00000000a5300000, 0x00000000e0000000)
  object space 84992K, 25% used [0x00000000a0000000,0x00000000a14f4668,0x00000000a5300000)
 Metaspace       used 50472K, capacity 52034K, committed 52312K, reserved 1093632K
  class space    used 6824K, capacity 7252K, committed 7296K, reserved 1048576K
}
Event: 23.389 GC heap before
{Heap before GC invocations=14 (full 2):
 PSYoungGen      total 131072K, used 128001K [0x00000000e0000000, 0x00000000ea480000, 0x0000000100000000)
  eden space 119296K, 97% used [0x00000000e0000000,0x00000000e7187ee8,0x00000000e7480000)
  from space 11776K, 99% used [0x00000000e7480000,0x00000000e7ff88b8,0x00000000e8000000)
  to   space 14848K, 0% used [0x00000000e9600000,0x00000000e9600000,0x00000000ea480000)
 ParOldGen       total 84992K, used 21457K [0x00000000a0000000, 0x00000000a5300000, 0x00000000e0000000)
  object space 84992K, 25% used [0x00000000a0000000,0x00000000a14f4668,0x00000000a5300000)
 Metaspace       used 57119K, capacity 58904K, committed 59028K, reserved 1099776K
  class space    used 7707K, capacity 8169K, committed 8192K, reserved 1048576K
Event: 23.440 GC heap after
Heap after GC invocations=14 (full 2):
 PSYoungGen      total 148992K, used 14837K [0x00000000e0000000, 0x00000000eb500000, 0x0000000100000000)
  eden space 134144K, 0% used [0x00000000e0000000,0x00000000e0000000,0x00000000e8300000)
  from space 14848K, 99% used [0x00000000e9600000,0x00000000ea47d4c0,0x00000000ea480000)
  to   space 19456K, 0% used [0x00000000e8300000,0x00000000e8300000,0x00000000e9600000)
 ParOldGen       total 84992K, used 28635K [0x00000000a0000000, 0x00000000a5300000, 0x00000000e0000000)
  object space 84992K, 33% used [0x00000000a0000000,0x00000000a1bf6d90,0x00000000a5300000)
 Metaspace       used 57119K, capacity 58904K, committed 59028K, reserved 1099776K
  class space    used 7707K, capacity 8169K, committed 8192K, reserved 1048576K
}
Event: 23.440 GC heap before
{Heap before GC invocations=15 (full 3):
 PSYoungGen      total 148992K, used 14837K [0x00000000e0000000, 0x00000000eb500000, 0x0000000100000000)
  eden space 134144K, 0% used [0x00000000e0000000,0x00000000e0000000,0x00000000e8300000)
  from space 14848K, 99% used [0x00000000e9600000,0x00000000ea47d4c0,0x00000000ea480000)
  to   space 19456K, 0% used [0x00000000e8300000,0x00000000e8300000,0x00000000e9600000)
 ParOldGen       total 84992K, used 28635K [0x00000000a0000000, 0x00000000a5300000, 0x00000000e0000000)
  object space 84992K, 33% used [0x00000000a0000000,0x00000000a1bf6d90,0x00000000a5300000)
 Metaspace       used 57119K, capacity 58904K, committed 59028K, reserved 1099776K
  class space    used 7707K, capacity 8169K, committed 8192K, reserved 1048576K
Event: 23.886 GC heap after
Heap after GC invocations=15 (full 3):
 PSYoungGen      total 148992K, used 0K [0x00000000e0000000, 0x00000000eb500000, 0x0000000100000000)
  eden space 134144K, 0% used [0x00000000e0000000,0x00000000e0000000,0x00000000e8300000)
  from space 14848K, 0% used [0x00000000e9600000,0x00000000e9600000,0x00000000ea480000)
  to   space 19456K, 0% used [0x00000000e8300000,0x00000000e8300000,0x00000000e9600000)
 ParOldGen       total 138240K, used 39973K [0x00000000a0000000, 0x00000000a8700000, 0x00000000e0000000)
  object space 138240K, 28% used [0x00000000a0000000,0x00000000a2709550,0x00000000a8700000)
 Metaspace       used 57119K, capacity 58904K, committed 59028K, reserved 1099776K
  class space    used 7707K, capacity 8169K, committed 8192K, reserved 1048576K
}

