# JRE version: OpenJDK Runtime Environment (8.0_152-b01) (build 1.8.0_152-release-915-b01)
# Java VM: OpenJDK 64-Bit Server VM (25.152-b01 mixed mode windows-amd64 compressed oops)
Heap:
 PSYoungGen      total 143360K, used 3203K [0x00000000e0000000, 0x00000000ecf80000, 0x0000000100000000)
  eden space 123392K, 0% used [0x00000000e0000000,0x00000000e0000000,0x00000000e7880000)
  from space 19968K, 16% used [0x00000000e7880000,0x00000000e7ba0c90,0x00000000e8c00000)
  to   space 19968K, 0% used [0x00000000ebc00000,0x00000000ebc00000,0x00000000ecf80000)
 ParOldGen       total 87552K, used 45178K [0x00000000a0000000, 0x00000000a5580000, 0x00000000e0000000)
  object space 87552K, 51% used [0x00000000a0000000,0x00000000a2c1e820,0x00000000a5580000)
 Metaspace       used 57054K, capacity 58868K, committed 59028K, reserved 1099776K
  class space    used 7696K, capacity 8137K, committed 8192K, reserved 1048576K
GC Heap History (10 events):
Event: 10.579 GC heap after
Heap after GC invocations=11 (full 2):
 PSYoungGen      total 95232K, used 0K [0x00000000e0000000, 0x00000000e8400000, 0x0000000100000000)
  eden space 84992K, 0% used [0x00000000e0000000,0x00000000e0000000,0x00000000e5300000)
  from space 10240K, 0% used [0x00000000e5300000,0x00000000e5300000,0x00000000e5d00000)
  to   space 10752K, 0% used [0x00000000e7980000,0x00000000e7980000,0x00000000e8400000)
 ParOldGen       total 87552K, used 15934K [0x00000000a0000000, 0x00000000a5580000, 0x00000000e0000000)
  object space 87552K, 18% used [0x00000000a0000000,0x00000000a0f8fad0,0x00000000a5580000)
 Metaspace       used 34477K, capacity 35206K, committed 35416K, reserved 1079296K
  class space    used 4685K, capacity 4957K, committed 4992K, reserved 1048576K
}
Event: 12.400 GC heap before
{Heap before GC invocations=12 (full 2):
 PSYoungGen      total 95232K, used 84992K [0x00000000e0000000, 0x00000000e8400000, 0x0000000100000000)
  eden space 84992K, 100% used [0x00000000e0000000,0x00000000e5300000,0x00000000e5300000)
  from space 10240K, 0% used [0x00000000e5300000,0x00000000e5300000,0x00000000e5d00000)
  to   space 10752K, 0% used [0x00000000e7980000,0x00000000e7980000,0x00000000e8400000)
 ParOldGen       total 87552K, used 15934K [0x00000000a0000000, 0x00000000a5580000, 0x00000000e0000000)
  object space 87552K, 18% used [0x00000000a0000000,0x00000000a0f8fad0,0x00000000a5580000)
 Metaspace       used 40662K, capacity 41554K, committed 42072K, reserved 1085440K
  class space    used 5394K, capacity 5673K, committed 5760K, reserved 1048576K
Event: 12.426 GC heap after
Heap after GC invocations=12 (full 2):
 PSYoungGen      total 114688K, used 9654K [0x00000000e0000000, 0x00000000e8300000, 0x0000000100000000)
  eden space 104960K, 0% used [0x00000000e0000000,0x00000000e0000000,0x00000000e6680000)
  from space 9728K, 99% used [0x00000000e7980000,0x00000000e82eda00,0x00000000e8300000)
  to   space 11264K, 0% used [0x00000000e6d00000,0x00000000e6d00000,0x00000000e7800000)
 ParOldGen       total 87552K, used 15942K [0x00000000a0000000, 0x00000000a5580000, 0x00000000e0000000)
  object space 87552K, 18% used [0x00000000a0000000,0x00000000a0f91ad0,0x00000000a5580000)
 Metaspace       used 40662K, capacity 41554K, committed 42072K, reserved 1085440K
  class space    used 5394K, capacity 5673K, committed 5760K, reserved 1048576K
}
Event: 15.205 GC heap before
{Heap before GC invocations=13 (full 2):
 PSYoungGen      total 114688K, used 114614K [0x00000000e0000000, 0x00000000e8300000, 0x0000000100000000)
  eden space 104960K, 100% used [0x00000000e0000000,0x00000000e6680000,0x00000000e6680000)
  from space 9728K, 99% used [0x00000000e7980000,0x00000000e82eda00,0x00000000e8300000)
  to   space 11264K, 0% used [0x00000000e6d00000,0x00000000e6d00000,0x00000000e7800000)
 ParOldGen       total 87552K, used 15942K [0x00000000a0000000, 0x00000000a5580000, 0x00000000e0000000)
  object space 87552K, 18% used [0x00000000a0000000,0x00000000a0f91ad0,0x00000000a5580000)
 Metaspace       used 49589K, capacity 51070K, committed 51160K, reserved 1093632K
  class space    used 6688K, capacity 7088K, committed 7168K, reserved 1048576K
Event: 15.256 GC heap after
Heap after GC invocations=13 (full 2):
 PSYoungGen      total 122880K, used 11240K [0x00000000e0000000, 0x00000000e9980000, 0x0000000100000000)
  eden space 111616K, 0% used [0x00000000e0000000,0x00000000e0000000,0x00000000e6d00000)
  from space 11264K, 99% used [0x00000000e6d00000,0x00000000e77fa190,0x00000000e7800000)
  to   space 13824K, 0% used [0x00000000e8c00000,0x00000000e8c00000,0x00000000e9980000)
 ParOldGen       total 87552K, used 20012K [0x00000000a0000000, 0x00000000a5580000, 0x00000000e0000000)
  object space 87552K, 22% used [0x00000000a0000000,0x00000000a138b1f0,0x00000000a5580000)
 Metaspace       used 49589K, capacity 51070K, committed 51160K, reserved 1093632K
  class space    used 6688K, capacity 7088K, committed 7168K, reserved 1048576K
}
Event: 18.837 GC heap before
{Heap before GC invocations=14 (full 2):
 PSYoungGen      total 122880K, used 122856K [0x00000000e0000000, 0x00000000e9980000, 0x0000000100000000)
  eden space 111616K, 100% used [0x00000000e0000000,0x00000000e6d00000,0x00000000e6d00000)
  from space 11264K, 99% used [0x00000000e6d00000,0x00000000e77fa190,0x00000000e7800000)
  to   space 13824K, 0% used [0x00000000e8c00000,0x00000000e8c00000,0x00000000e9980000)
 ParOldGen       total 87552K, used 20012K [0x00000000a0000000, 0x00000000a5580000, 0x00000000e0000000)
  object space 87552K, 22% used [0x00000000a0000000,0x00000000a138b1f0,0x00000000a5580000)
 Metaspace       used 56970K, capacity 58804K, committed 59028K, reserved 1099776K
  class space    used 7691K, capacity 8137K, committed 8192K, reserved 1048576K
Event: 18.900 GC heap after
Heap after GC invocations=14 (full 2):
 PSYoungGen      total 137216K, used 13797K [0x00000000e0000000, 0x00000000ead80000, 0x0000000100000000)
  eden space 123392K, 0% used [0x00000000e0000000,0x00000000e0000000,0x00000000e7880000)
  from space 13824K, 99% used [0x00000000e8c00000,0x00000000e99796c8,0x00000000e9980000)
  to   space 19968K, 0% used [0x00000000e7880000,0x00000000e7880000,0x00000000e8c00000)
 ParOldGen       total 87552K, used 31419K [0x00000000a0000000, 0x00000000a5580000, 0x00000000e0000000)
  object space 87552K, 35% used [0x00000000a0000000,0x00000000a1eaece0,0x00000000a5580000)
 Metaspace       used 56970K, capacity 58804K, committed 59028K, reserved 1099776K
  class space    used 7691K, capacity 8137K, committed 8192K, reserved 1048576K
}
Event: 19.073 GC heap before
{Heap before GC invocations=15 (full 2):
 PSYoungGen      total 137216K, used 26251K [0x00000000e0000000, 0x00000000ead80000, 0x0000000100000000)
  eden space 123392K, 10% used [0x00000000e0000000,0x00000000e0c29910,0x00000000e7880000)
  from space 13824K, 99% used [0x00000000e8c00000,0x00000000e99796c8,0x00000000e9980000)
  to   space 19968K, 0% used [0x00000000e7880000,0x00000000e7880000,0x00000000e8c00000)
 ParOldGen       total 87552K, used 31419K [0x00000000a0000000, 0x00000000a5580000, 0x00000000e0000000)
  object space 87552K, 35% used [0x00000000a0000000,0x00000000a1eaece0,0x00000000a5580000)
 Metaspace       used 57054K, capacity 58868K, committed 59028K, reserved 1099776K
  class space    used 7696K, capacity 8137K, committed 8192K, reserved 1048576K
Event: 19.106 GC heap after
Heap after GC invocations=15 (full 2):
 PSYoungGen      total 143360K, used 3203K [0x00000000e0000000, 0x00000000ecf80000, 0x0000000100000000)
  eden space 123392K, 0% used [0x00000000e0000000,0x00000000e0000000,0x00000000e7880000)
  from space 19968K, 16% used [0x00000000e7880000,0x00000000e7ba0c90,0x00000000e8c00000)
  to   space 19968K, 0% used [0x00000000ebc00000,0x00000000ebc00000,0x00000000ecf80000)
 ParOldGen       total 87552K, used 45178K [0x00000000a0000000, 0x00000000a5580000, 0x00000000e0000000)
  object space 87552K, 51% used [0x00000000a0000000,0x00000000a2c1e820,0x00000000a5580000)
 Metaspace       used 57054K, capacity 58868K, committed 59028K, reserved 1099776K
  class space    used 7696K, capacity 8137K, committed 8192K, reserved 1048576K
}
Event: 19.106 GC heap before
{Heap before GC invocations=16 (full 3):
 PSYoungGen      total 143360K, used 3203K [0x00000000e0000000, 0x00000000ecf80000, 0x0000000100000000)
  eden space 123392K, 0% used [0x00000000e0000000,0x00000000e0000000,0x00000000e7880000)
  from space 19968K, 16% used [0x00000000e7880000,0x00000000e7ba0c90,0x00000000e8c00000)
  to   space 19968K, 0% used [0x00000000ebc00000,0x00000000ebc00000,0x00000000ecf80000)
 ParOldGen       total 87552K, used 45178K [0x00000000a0000000, 0x00000000a5580000, 0x00000000e0000000)
  object space 87552K, 51% used [0x00000000a0000000,0x00000000a2c1e820,0x00000000a5580000)
 Metaspace       used 57054K, capacity 58868K, committed 59028K, reserved 1099776K
  class space    used 7696K, capacity 8137K, committed 8192K, reserved 1048576K

